2022-04-10 21:40:50,505 ERROR v.c.t.TestClass [main] error message
2022-04-10 21:41:31,887 INFO v.c.t.TestClass [main] log message
2022-04-10 21:41:31,893 DEBUG v.c.t.TestClass [main] debug
2022-04-10 21:41:31,894 ERROR v.c.t.TestClass [main] error message
2022-04-10 21:42:21,827 INFO v.c.t.TestClass [main] log message
2022-04-10 21:42:21,837 DEBUG v.c.t.TestClass [main] debug
2022-04-10 21:42:21,837 ERROR v.c.t.TestClass [main] error message
2022-04-10 21:42:56,558 INFO v.c.t.TestClass [main] log message
2022-04-10 21:42:56,572 DEBUG v.c.t.TestClass [main] debug
2022-04-10 21:42:56,572 ERROR v.c.t.TestClass [main] error message
2022-04-10 21:43:22,924 INFO v.c.t.TestClass [main] log message
2022-04-10 21:43:22,932 DEBUG v.c.t.TestClass [main] debug
2022-04-10 21:43:22,933 ERROR v.c.t.TestClass [main] error message
2022-04-10 21:43:55,774 INFO v.c.t.TestClass [main] log message
2022-04-10 21:43:55,781 DEBUG v.c.t.TestClass [main] debug
2022-04-10 21:43:55,781 ERROR v.c.t.TestClass [main] error message
2022-04-10 21:44:15,048 INFO v.c.t.TestClass [main] log message
2022-04-10 21:44:15,055 DEBUG v.c.t.TestClass [main] debug
2022-04-10 21:44:15,056 ERROR v.c.t.TestClass [main] error message
2022-04-10 21:44:55,659 ERROR v.c.t.TestClass [main] error message
2022-04-10 21:45:39,058 INFO v.c.t.TestClass [main] log message
2022-04-10 21:45:39,064 DEBUG v.c.t.TestClass [main] debug
2022-04-10 21:45:39,065 ERROR v.c.t.TestClass [main] error message
2022-04-10 21:46:55,930 INFO v.c.t.TestClass [main] log message
2022-04-10 21:46:55,937 DEBUG v.c.t.TestClass [main] debug
2022-04-10 21:46:55,937 ERROR v.c.t.TestClass [main] error message
2022-04-10 21:47:54,229 INFO v.c.t.TestClass [main] log message
2022-04-10 21:47:54,236 DEBUG v.c.t.TestClass [main] debug
2022-04-10 21:47:54,236 ERROR v.c.t.TestClass [main] error message
2022-04-10 21:48:20,797 INFO v.c.t.TestClass [main] log message
2022-04-10 21:48:20,803 DEBUG v.c.t.TestClass [main] debug
2022-04-10 21:48:20,804 ERROR v.c.t.TestClass [main] error message
2022-04-10 21:48:59,758 INFO v.c.t.TestClass [main] log message
2022-04-10 21:48:59,765 DEBUG v.c.t.TestClass [main] debug
2022-04-10 21:48:59,766 ERROR v.c.t.TestClass [main] error message
2022-04-10 21:51:08,176 INFO v.c.t.TestClass [main] log message
2022-04-10 21:51:08,182 DEBUG v.c.t.TestClass [main] debug
2022-04-10 21:51:08,183 ERROR v.c.t.TestClass [main] error message
2022-04-10 21:53:17,029 INFO v.c.t.TestClass [main] log message
2022-04-10 21:53:17,037 DEBUG v.c.t.TestClass [main] debug
2022-04-10 21:53:17,037 ERROR v.c.t.TestClass [main] error message
2022-04-10 22:07:03,335 INFO v.c.t.TestClass [main] log message
2022-04-10 22:07:03,342 DEBUG v.c.t.TestClass [main] debug
2022-04-10 22:07:03,343 ERROR v.c.t.TestClass [main] error message
2022-04-10 22:09:00,759 INFO v.c.t.TestClass [main] log message
2022-04-10 22:09:00,766 DEBUG v.c.t.TestClass [main] debug
2022-04-10 22:09:00,767 ERROR v.c.t.TestClass [main] error message
2022-04-10 22:17:19,325 ERROR v.c.c.p.d.i.AccountDaoImpl [main] Get account error. Message: java.io.IOException: this is an error
2022-04-10 22:20:06,964 ERROR v.c.c.p.d.i.AccountDaoImpl [main] Get account error. Message: java.io.IOException: this is an error
2022-04-10 22:20:26,392 ERROR v.c.c.p.d.i.AccountDaoImpl [main] Get account error. Message: java.io.IOException: this is an error
2022-04-10 22:21:27,729 ERROR v.c.c.p.d.i.AccountDaoImpl [main] Get account error. Message: java.io.IOException: this is an error
2022-04-10 22:24:15,056 ERROR v.c.c.p.d.i.AccountDaoImpl [main] Get account error. Message: java.io.IOException: this is an error
2022-04-10 22:25:57,127 ERROR v.c.c.p.d.i.AccountDaoImpl [main] Get account error. Message: java.io.IOException: this is an error[Account [id=1, username=admin, password=6Jx0mjQFRbJvKd4GDOfbEx8SrIA3XF90yp64dlXlhzE=, key=0PcrphS2PEBN37ph9caYvVNXnJWko7, dateCreated=2022-03-29 16:42:53.0, dateChanged=2022-04-06 20:45:46.0], Account [id=2, username=khormg12, password=ete3WsZ3x6B2IvSIBdLTe4JIWdBGlNig+2wKmvK52x4=, key=LQgR3eqvPGEz93jDi2jMOiHpXFqpln, dateCreated=2022-03-29 16:44:22.0, dateChanged=2022-04-07 11:58:17.0], Account [id=3, username=tanml333, password=GMfcUq36tDg8GgsauBPQ2dNKcshLQlaPISCWLzfJfHQ=, key=evvLnYhn4Q5SbOU9bTVyD1VBU0ZXeM, dateCreated=2022-03-29 16:45:08.0, dateChanged=2022-04-07 20:05:16.0], Account [id=4, username=jeniffer3187, password=6fQf2S1Qwm0L919TWFQK4ssp0j9yCSt6edvQAZugFCM=, key=GppW7GhjTIZiK9LtFTCJB7nERAaep3, dateCreated=2022-03-29 18:07:14.0, dateChanged=null], Account [id=5, username=adelehuirou23, password=TRkcz7ETpa8lu4X4mgXM+JXHDmaVgs6gNZg6IQb3/Q8=, key=SI4faV7K8ca9SqfbxIW9opVb3nKq4y, dateCreated=2022-03-29 18:08:55.0, dateChanged=null], Account [id=6, username=kumar6657, password=POlBFPHne1yhB0pvLHE3HWNTPaoDIPqf6qdcQciIlQM=, key=a3bInVJN1IyBfEXwLgdRAhm5ylGtvZ, dateCreated=2022-03-29 18:10:10.0, dateChanged=null], Account [id=7, username=azmi7653, password=AnrVFu83GHZDjp1HTWs5quM+dhkj7TWfLLa/iO7DrSg=, key=6ECRm5sV9m9hQxbF0Q8xcP4jPzCj4C, dateCreated=2022-03-29 18:11:17.0, dateChanged=null], Account [id=8, username=susan4463, password=aN8vt7xFQhoutZbPz8BbLagFENcNlGTXXPhlOulyD7s=, key=IXMLHToFPfktUGTNvH7ghW2MQ54Zed, dateCreated=2022-03-29 19:12:07.0, dateChanged=null], Account [id=9, username=zulkifli12, password=lz6y1wejbZh7pDwMRrAFpqAOsUjhy30sJg7XpspYoio=, key=GY7zVTXJFUC2BPtyTwWDwAEi70Z4Ij, dateCreated=2022-03-29 19:12:11.0, dateChanged=null], Account [id=10, username=suresh223, password=ooFjwPYE0JbGkdXycUWOC08nHHET25X4h1Skcy54ssY=, key=JoqrcGhAC46RdnTXLSagLFbtq49VQP, dateCreated=2022-03-29 19:12:15.0, dateChanged=null], Account [id=11, username=siti5431, password=yFldxvJ8wbjg2/bVwLt2dqK7iYGRuh1lqggjXtm13ow=, key=vHzq4d2kVeRCDK6OGT7kItyUihj0PE, dateCreated=2022-03-29 19:12:19.0, dateChanged=null], Account [id=12, username=kklim463, password=sjgOEMVhc2Vh5u75TUwKi0anYd7qeVmR2Ol4M4hVx18=, key=wga0c05HxrnUkJPBS57n5kfGuSApmv, dateCreated=2022-03-29 23:32:29.0, dateChanged=null], Account [id=13, username=uname123, password=sleiAD123kasd/=, key=qweqwe123qw12QW, dateCreated=2022-03-31 17:16:26.0, dateChanged=null], Account [id=15, username=user3333, password=newPassStr1234/=, key=newKey12312o, dateCreated=2022-03-31 17:00:00.0, dateChanged=2022-03-31 17:48:00.0], Account [id=16, username=testuser112233, password=/vepAyf7y3dQZO21cNT67bCfNjrXQxgdkkrn9OPywYw=, key=tSGMaPi7mTTIx2g2g1BQfhXnwIKkIm, dateCreated=2022-04-06 15:42:46.0, dateChanged=null], Account [id=17, username=testuser112233, password=eD91CLt1/dfiH1PZfZ0O4pfjfAj9CaGg+yZIdMN3504=, key=1AVKYEdtYf9kV7Ng32cRPS6qwKpBLw, dateCreated=2022-04-06 15:53:47.0, dateChanged=null], Account [id=18, username=usernew66666, password=lri9mibc/1BtDTBki/lXmA0I16fK/OMZhxgXVE9Xv3Y=, key=QIfaZwKXUtYhBHLYhG6Jm07g2XkObT, dateCreated=2022-04-06 15:55:59.0, dateChanged=null], Account [id=19, username=usernew88889, password=ADlTmjmHglUBAwIDDd5reGdVYP5w2TsqrXOg3ZKHkRM=, key=6SoBcnb66dltB9JRDI6gxelpk4p6OL, dateCreated=2022-04-06 17:42:39.0, dateChanged=2022-04-06 18:35:28.0], Account [id=20, username=newemp123, password=CxbBZ6QqU11R+JvfRdInDGvAEP1mdZDJ/EsxE6zZZEw=, key=f98aOLDIkLjDIbNYImGx37oehZ8e1g, dateCreated=2022-04-06 21:22:35.0, dateChanged=null], Account [id=21, username=newwww456, password=UnNDcN4fJYCgws1FFEhL9pywT1doHgYRRjFGryQHJEs=, key=jZaKtjcrqH2ye57f7hslXwG6K9LIhZ, dateCreated=2022-04-06 22:21:07.0, dateChanged=null], Account [id=22, username=usermanager5567, password=8A95DeLOWiYG3umU99DDUIYG7fjHr3Am3wsXA4pXhro=, key=JCgeL1Bwje4wbQwqU5P3Kwpmf1EwGs, dateCreated=2022-04-08 14:43:35.0, dateChanged=null]]
2022-04-10 22:26:25,475 ERROR v.c.c.p.d.i.AccountDaoImpl [main] Get account error. Message: java.io.IOException: this is an error
2022-04-10 23:23:21,303 ERROR v.c.c.p.d.i.AccountDaoImpl [main] Get account error. Message: java.io.IOException: this is an error
2022-04-10 23:23:45,192 ERROR v.c.c.p.d.i.AccountDaoImpl [main] Get account error. Message: java.io.IOException: this is an error
2022-04-10 23:24:14,568 ERROR v.c.c.p.d.i.AccountDaoImpl [main] Get account error. Message: java.io.IOException: this is an error
2022-04-10 23:26:02,824 ERROR v.c.c.p.d.i.AccountDaoImpl [main] Get account error. Message: java.io.IOException: this is an error
2022-04-11 20:10:40,401 ERROR v.c.c.p.d.i.AccountDaoImpl [main] Get account error. Message: java.io.IOException: this is an error
2022-04-11 20:16:05,993 ERROR v.c.c.p.d.i.AccountDaoImpl [main] Get account error. Message: java.io.IOException: this is an error
2022-04-11 20:18:57,683 ERROR v.c.c.p.d.i.AccountDaoImpl [main] Get account error. Message: java.io.IOException: this is an error
2022-04-11 20:19:20,299 ERROR v.c.c.p.d.i.AccountDaoImpl [main] Get account error. Message: java.io.IOException: this is an error
2022-04-11 20:19:44,916 ERROR v.c.c.p.d.i.AccountDaoImpl [main] Get account error. Message: java.io.IOException
2022-04-11 20:20:07,379 ERROR v.c.c.p.d.i.AccountDaoImpl [main] Get account error. Message: null
2022-04-11 20:20:55,245 ERROR v.c.c.p.d.i.AccountDaoImpl [main] Get account error. Message: [Ljava.lang.StackTraceElement;@b1712f3
2022-04-11 20:21:08,792 ERROR v.c.c.p.d.i.AccountDaoImpl [main] Get account error. Message: [Ljava.lang.StackTraceElement;@b1712f3
2022-04-11 20:21:50,015 ERROR v.c.c.p.d.i.AccountDaoImpl [main] Get account error. Message: null
2022-04-11 20:22:13,521 ERROR v.c.c.p.d.i.AccountDaoImpl [main] Get account error. Message: [Ljava.lang.Throwable;@b1712f3
2022-04-11 20:22:42,427 ERROR v.c.c.p.d.i.AccountDaoImpl [main] Get account error. Message: java.io.IOException
2022-04-11 20:26:12,635 ERROR v.c.c.p.d.i.AccountDaoImpl [main] Get password key error. Username: name, cause: java.io.IOException
2022-04-11 20:33:41,385 ERROR v.c.c.p.d.i.AccountDaoImpl [main] Add account error. Object: v2.com.company.payroll.model.AccountModel@5674e1f2, cause: java.io.IOException
2022-04-11 20:34:55,947 ERROR v.c.c.p.d.i.AccountDaoImpl [main] Add account error. Object: 1463355115, cause: java.io.IOException
